
6월 29, 2020 09:37:42.88 NEW SESSION
6월 29, 2020 09:37:42.88 [12912:13932:0629/093742.886:ERROR:device_event_log_impl.cc(208)] [09:37:42.887] Bluetooth: bluetooth_adapter_winrt.cc:1060 Getting Default Adapter failed.

6월 30, 2020 09:42:22.38 NEW SESSION
6월 30, 2020 09:42:22.38 [12300:7296:0630/094222.381:ERROR:device_event_log_impl.cc(208)] [09:42:22.381] Bluetooth: bluetooth_adapter_winrt.cc:1060 Getting Default Adapter failed.
6월 30, 2020 09:58:01.42 [10208:14816:0630/095801.428:ERROR:device_event_log_impl.cc(208)] [09:58:01.428] Bluetooth: bluetooth_adapter_winrt.cc:1060 Getting Default Adapter failed.
6월 30, 2020 10:00:57.30 [11848:6544:0630/100057.307:ERROR:device_event_log_impl.cc(208)] [10:00:57.306] Bluetooth: bluetooth_adapter_winrt.cc:1060 Getting Default Adapter failed.
6월 30, 2020 10:02:37.42 [11936:2772:0630/100237.428:ERROR:device_event_log_impl.cc(208)] [10:02:37.428] Bluetooth: bluetooth_adapter_winrt.cc:1060 Getting Default Adapter failed.
6월 30, 2020 10:04:07.18 [13680:3252:0630/100407.181:ERROR:device_event_log_impl.cc(208)] [10:04:07.181] Bluetooth: bluetooth_adapter_winrt.cc:1060 Getting Default Adapter failed.
6월 30, 2020 12:20:56.67 [7716:1168:0630/122056.672:ERROR:device_event_log_impl.cc(208)] [12:20:56.671] Bluetooth: bluetooth_adapter_winrt.cc:1060 Getting Default Adapter failed.

7월 03, 2020 10:03:56.18 NEW SESSION
7월 03, 2020 10:03:56.18 [6020:6036:0703/100356.169:ERROR:device_event_log_impl.cc(208)] [10:03:56.169] Bluetooth: bluetooth_adapter_winrt.cc:1060 Getting Default Adapter failed.

7월 06, 2020 09:49:03.58 NEW SESSION
7월 06, 2020 09:49:03.58 [5384:4460:0706/094903.581:ERROR:device_event_log_impl.cc(208)] [09:49:03.580] Bluetooth: bluetooth_adapter_winrt.cc:1060 Getting Default Adapter failed.

7월 07, 2020 09:43:45.89 NEW SESSION
7월 07, 2020 09:43:45.90 [8784:11240:0707/094345.889:ERROR:device_event_log_impl.cc(208)] [09:43:45.889] Bluetooth: bluetooth_adapter_winrt.cc:1060 Getting Default Adapter failed.
7월 07, 2020 10:45:29.00 [12204:11432:0707/104529.001:ERROR:device_event_log_impl.cc(208)] [10:45:29.001] Bluetooth: bluetooth_adapter_winrt.cc:1060 Getting Default Adapter failed.
7월 07, 2020 11:51:04.73 [11320:10716:0707/115104.729:ERROR:device_event_log_impl.cc(208)] [11:51:04.729] Bluetooth: bluetooth_adapter_winrt.cc:1060 Getting Default Adapter failed.
7월 07, 2020 12:09:14.13 [13996:11908:0707/120914.138:ERROR:device_event_log_impl.cc(208)] [12:09:14.139] Bluetooth: bluetooth_adapter_winrt.cc:1060 Getting Default Adapter failed.
7월 07, 2020 12:28:48.74 [2532:3112:0707/122848.748:ERROR:device_event_log_impl.cc(208)] [12:28:48.747] Bluetooth: bluetooth_adapter_winrt.cc:1060 Getting Default Adapter failed.

7월 08, 2020 09:59:12.64 NEW SESSION
7월 08, 2020 09:59:12.64 [1780:7004:0708/095912.635:ERROR:device_event_log_impl.cc(208)] [09:59:12.635] Bluetooth: bluetooth_adapter_winrt.cc:1060 Getting Default Adapter failed.
7월 08, 2020 10:01:56.76 [10476:1188:0708/100156.766:ERROR:device_event_log_impl.cc(208)] [10:01:56.766] Bluetooth: bluetooth_adapter_winrt.cc:1060 Getting Default Adapter failed.
7월 08, 2020 10:15:30.39 [11660:13196:0708/101530.397:ERROR:device_event_log_impl.cc(208)] [10:15:30.396] Bluetooth: bluetooth_adapter_winrt.cc:1060 Getting Default Adapter failed.
7월 08, 2020 11:44:12.93 [12140:9540:0708/114412.935:ERROR:device_event_log_impl.cc(208)] [11:44:12.934] Bluetooth: bluetooth_adapter_winrt.cc:1060 Getting Default Adapter failed.
7월 08, 2020 11:47:02.57 [8220:13080:0708/114702.569:ERROR:device_event_log_impl.cc(208)] [11:47:02.569] Bluetooth: bluetooth_adapter_winrt.cc:1060 Getting Default Adapter failed.

7월 09, 2020 09:53:23.83 NEW SESSION
7월 09, 2020 09:53:23.83 [3572:12476:0709/095323.832:ERROR:device_event_log_impl.cc(208)] [09:53:23.832] Bluetooth: bluetooth_adapter_winrt.cc:1060 Getting Default Adapter failed.
7월 09, 2020 11:26:16.47 [7740:5108:0709/112616.478:ERROR:device_event_log_impl.cc(208)] [11:26:16.478] Bluetooth: bluetooth_adapter_winrt.cc:1060 Getting Default Adapter failed.
7월 09, 2020 12:13:07.76 [7740:5108:0709/121307.764:ERROR:CONSOLE(106)] "elements are not in the same shadow dom", source: devtools://devtools/bundled/ui/ui.js (106)
7월 09, 2020 12:13:07.77 [7740:5108:0709/121307.766:ERROR:CONSOLE(106)] "elements are not in the same shadow dom", source: devtools://devtools/bundled/ui/ui.js (106)

7월 10, 2020 13:22:17.87 NEW SESSION
7월 10, 2020 13:22:17.87 [12016:2576:0710/132217.874:ERROR:device_event_log_impl.cc(208)] [13:22:17.874] Bluetooth: bluetooth_adapter_winrt.cc:1060 Getting Default Adapter failed.
7월 10, 2020 13:32:41.12 [12016:2576:0710/133241.122:ERROR:CONSOLE(106)] "elements are not in the same shadow dom", source: devtools://devtools/bundled/ui/ui.js (106)
7월 10, 2020 13:32:41.12 [12016:2576:0710/133241.122:ERROR:CONSOLE(106)] "elements are not in the same shadow dom", source: devtools://devtools/bundled/ui/ui.js (106)

7월 13, 2020 09:42:19.90 NEW SESSION
7월 13, 2020 09:42:19.90 [1700:9056:0713/094219.895:ERROR:device_event_log_impl.cc(208)] [09:42:19.894] Bluetooth: bluetooth_adapter_winrt.cc:1060 Getting Default Adapter failed.
7월 13, 2020 10:27:19.00 [11388:13892:0713/102719.000:ERROR:device_event_log_impl.cc(208)] [10:27:19.000] Bluetooth: bluetooth_adapter_winrt.cc:1060 Getting Default Adapter failed.
7월 13, 2020 10:31:01.41 [10440:3624:0713/103101.415:ERROR:device_event_log_impl.cc(208)] [10:31:01.414] Bluetooth: bluetooth_adapter_winrt.cc:1060 Getting Default Adapter failed.
7월 13, 2020 10:40:11.52 [7700:16268:0713/104011.519:ERROR:device_event_log_impl.cc(208)] [10:40:11.519] Bluetooth: bluetooth_adapter_winrt.cc:1060 Getting Default Adapter failed.
7월 13, 2020 10:49:02.54 [16056:16972:0713/104902.547:ERROR:device_event_log_impl.cc(208)] [10:49:02.547] Bluetooth: bluetooth_adapter_winrt.cc:1060 Getting Default Adapter failed.
7월 13, 2020 11:43:01.30 [12784:11588:0713/114301.301:ERROR:device_event_log_impl.cc(208)] [11:43:01.301] Bluetooth: bluetooth_adapter_winrt.cc:1060 Getting Default Adapter failed.
7월 13, 2020 11:49:53.01 [17088:9320:0713/114953.010:ERROR:device_event_log_impl.cc(208)] [11:49:53.009] Bluetooth: bluetooth_adapter_winrt.cc:1060 Getting Default Adapter failed.

7월 14, 2020 09:55:06.27 NEW SESSION
7월 14, 2020 09:55:06.27 [5140:16524:0714/095506.258:ERROR:device_event_log_impl.cc(208)] [09:55:06.258] Bluetooth: bluetooth_adapter_winrt.cc:1060 Getting Default Adapter failed.

7월 14, 2020 12:04:07.70 NEW SESSION
7월 14, 2020 12:04:07.70 [11032:12024:0714/120407.703:ERROR:device_event_log_impl.cc(208)] [12:04:07.703] Bluetooth: bluetooth_adapter_winrt.cc:1060 Getting Default Adapter failed.
7월 14, 2020 14:13:39.78 [1848:9968:0714/141339.783:ERROR:device_event_log_impl.cc(208)] [14:13:39.783] Bluetooth: bluetooth_adapter_winrt.cc:1060 Getting Default Adapter failed.
7월 14, 2020 16:23:34.00 [7052:9280:0714/162334.001:ERROR:device_event_log_impl.cc(208)] [16:23:34.002] Bluetooth: bluetooth_adapter_winrt.cc:1060 Getting Default Adapter failed.
7월 14, 2020 16:26:22.82 [2096:3908:0714/162622.820:ERROR:device_event_log_impl.cc(208)] [16:26:22.820] Bluetooth: bluetooth_adapter_winrt.cc:1060 Getting Default Adapter failed.
7월 14, 2020 16:26:48.38 [8372:9540:0714/162648.387:ERROR:device_event_log_impl.cc(208)] [16:26:48.388] Bluetooth: bluetooth_adapter_winrt.cc:1060 Getting Default Adapter failed.

7월 16, 2020 09:40:45.58 NEW SESSION
7월 16, 2020 09:40:45.58 [17004:5876:0716/094045.583:ERROR:device_event_log_impl.cc(208)] [09:40:45.582] Bluetooth: bluetooth_adapter_winrt.cc:1060 Getting Default Adapter failed.

7월 17, 2020 09:19:55.10 NEW SESSION
7월 17, 2020 09:19:55.10 [13068:13060:0717/091955.088:ERROR:device_event_log_impl.cc(208)] [09:19:55.089] Bluetooth: bluetooth_adapter_winrt.cc:1060 Getting Default Adapter failed.

7월 17, 2020 16:09:19.77 NEW SESSION
7월 17, 2020 16:09:19.77 [11524:10628:0717/160919.760:ERROR:device_event_log_impl.cc(208)] [16:09:19.760] Bluetooth: bluetooth_adapter_winrt.cc:1060 Getting Default Adapter failed.

7월 20, 2020 10:04:16.24 NEW SESSION
7월 20, 2020 10:04:16.24 [13456:9444:0720/100416.238:ERROR:device_event_log_impl.cc(208)] [10:04:16.238] Bluetooth: bluetooth_adapter_winrt.cc:1060 Getting Default Adapter failed.
7월 20, 2020 10:11:06.84 [13456:9444:0720/101106.843:ERROR:CONSOLE(1)] "Refused to execute inline event handler because it violates the following Content Security Policy directive: "script-src 'strict-dynamic' 'sha256-1+GSDjMMklBjZY0QiWq+tGupCvajw4Xbn46ect2mZgM=' 'sha256-2mX1M62Fd0u8q0dQY2mRsK5S1NS9jJuQAvyE8tD0dkQ=' 'sha256-EtIKSV82ixJHE3AzqhoiVbUGKG+Kd8XS0fFToow29o0=' 'sha256-HqdPsO6hNmT/mfSeGdcX3eEGrZVva7AKD2Z2+1ujCZ8=' 'sha256-yRYEEgxOlReCDbng6tDVSK7zG75cmupC9JEV1PmCFSc=' 'sha256-IEF9PjeyU0vsr61C8cm3JQOerOYWdBsaGddCSPp6tZs=' 'sha256-C9ctze2LhHtwL+fcPVPkmVRYjQgXTGs4xfBAzlQwGWk=' 'sha256-yLEglhV+BF7KFz2rbtMK88ZtBxQpwg9QN3CiKR3rffw='". Either the 'unsafe-inline' keyword, a hash ('sha256-...'), or a nonce ('nonce-...') is required to enable inline execution.
7월 20, 2020 10:11:06.84 ", source: chrome-search://local-ntp/local-ntp.html (1)
7월 20, 2020 15:39:03.37 [11012:8220:0720/153903.378:ERROR:device_event_log_impl.cc(208)] [15:39:03.378] Bluetooth: bluetooth_adapter_winrt.cc:1060 Getting Default Adapter failed.
7월 20, 2020 15:51:04.34 [11012:8220:0720/155104.345:ERROR:CONSOLE(1)] "Refused to execute inline event handler because it violates the following Content Security Policy directive: "script-src 'strict-dynamic' 'sha256-1+GSDjMMklBjZY0QiWq+tGupCvajw4Xbn46ect2mZgM=' 'sha256-2mX1M62Fd0u8q0dQY2mRsK5S1NS9jJuQAvyE8tD0dkQ=' 'sha256-EtIKSV82ixJHE3AzqhoiVbUGKG+Kd8XS0fFToow29o0=' 'sha256-HqdPsO6hNmT/mfSeGdcX3eEGrZVva7AKD2Z2+1ujCZ8=' 'sha256-yRYEEgxOlReCDbng6tDVSK7zG75cmupC9JEV1PmCFSc=' 'sha256-IEF9PjeyU0vsr61C8cm3JQOerOYWdBsaGddCSPp6tZs=' 'sha256-C9ctze2LhHtwL+fcPVPkmVRYjQgXTGs4xfBAzlQwGWk=' 'sha256-yLEglhV+BF7KFz2rbtMK88ZtBxQpwg9QN3CiKR3rffw='". Either the 'unsafe-inline' keyword, a hash ('sha256-...'), or a nonce ('nonce-...') is required to enable inline execution.
7월 20, 2020 15:51:04.35 ", source: chrome-search://local-ntp/local-ntp.html (1)
7월 20, 2020 17:03:17.32 [9008:6456:0720/170317.325:ERROR:device_event_log_impl.cc(208)] [17:03:17.325] Bluetooth: bluetooth_adapter_winrt.cc:1060 Getting Default Adapter failed.

7월 27, 2020 09:56:16.77 NEW SESSION
7월 27, 2020 09:56:16.77 [3004:5268:0727/095616.765:ERROR:device_event_log_impl.cc(208)] [09:56:16.765] Bluetooth: bluetooth_adapter_winrt.cc:1074 Getting Default Adapter failed.
7월 27, 2020 11:42:29.13 [12696:12344:0727/114229.130:ERROR:device_event_log_impl.cc(208)] [11:42:29.130] Bluetooth: bluetooth_adapter_winrt.cc:1074 Getting Default Adapter failed.

7월 28, 2020 12:21:20.43 NEW SESSION
7월 28, 2020 12:21:20.43 [16948:8744:0728/122120.404:ERROR:device_event_log_impl.cc(208)] [12:21:20.404] Bluetooth: bluetooth_adapter_winrt.cc:1074 Getting Default Adapter failed.
7월 28, 2020 13:08:09.09 [3652:12912:0728/130809.089:ERROR:device_event_log_impl.cc(208)] [13:08:09.090] Bluetooth: bluetooth_adapter_winrt.cc:1074 Getting Default Adapter failed.
7월 28, 2020 13:10:31.88 [896:6240:0728/131031.882:ERROR:device_event_log_impl.cc(208)] [13:10:31.882] Bluetooth: bluetooth_adapter_winrt.cc:1074 Getting Default Adapter failed.
7월 28, 2020 14:10:30.36 [13108:8656:0728/141030.366:ERROR:device_event_log_impl.cc(208)] [14:10:30.366] Bluetooth: bluetooth_adapter_winrt.cc:1074 Getting Default Adapter failed.

7월 29, 2020 09:49:42.44 NEW SESSION
7월 29, 2020 09:49:42.44 [15916:8848:0729/094942.440:ERROR:device_event_log_impl.cc(208)] [09:49:42.440] Bluetooth: bluetooth_adapter_winrt.cc:1074 Getting Default Adapter failed.
7월 29, 2020 10:05:31.47 [8616:15316:0729/100531.474:ERROR:device_event_log_impl.cc(208)] [10:05:31.474] Bluetooth: bluetooth_adapter_winrt.cc:1074 Getting Default Adapter failed.
7월 29, 2020 10:06:13.05 [16408:17156:0729/100613.056:ERROR:device_event_log_impl.cc(208)] [10:06:13.057] Bluetooth: bluetooth_adapter_winrt.cc:1074 Getting Default Adapter failed.
7월 29, 2020 12:14:54.17 [15332:13220:0729/121454.171:ERROR:device_event_log_impl.cc(208)] [12:14:54.171] Bluetooth: bluetooth_adapter_winrt.cc:1074 Getting Default Adapter failed.

7월 30, 2020 10:49:08.16 NEW SESSION
7월 30, 2020 10:49:08.16 [15188:1620:0730/104908.155:ERROR:device_event_log_impl.cc(208)] [10:49:08.155] Bluetooth: bluetooth_adapter_winrt.cc:1074 Getting Default Adapter failed.
7월 30, 2020 12:54:19.01 [14488:7228:0730/125419.018:ERROR:device_event_log_impl.cc(208)] [12:54:19.018] Bluetooth: bluetooth_adapter_winrt.cc:1074 Getting Default Adapter failed.
7월 30, 2020 13:46:11.35 [17160:11388:0730/134611.354:ERROR:device_event_log_impl.cc(208)] [13:46:11.354] Bluetooth: bluetooth_adapter_winrt.cc:1074 Getting Default Adapter failed.
7월 30, 2020 13:50:07.80 [11056:6244:0730/135007.802:ERROR:device_event_log_impl.cc(208)] [13:50:07.803] Bluetooth: bluetooth_adapter_winrt.cc:1074 Getting Default Adapter failed.
7월 30, 2020 14:02:36.18 [15704:15616:0730/140236.186:ERROR:device_event_log_impl.cc(208)] [14:02:36.187] Bluetooth: bluetooth_adapter_winrt.cc:1074 Getting Default Adapter failed.

8월 04, 2020 10:00:15.25 NEW SESSION
8월 04, 2020 10:00:15.25 [7724:16796:0804/100015.248:ERROR:device_event_log_impl.cc(208)] [10:00:15.248] Bluetooth: bluetooth_adapter_winrt.cc:1074 Getting Default Adapter failed.
8월 04, 2020 10:31:01.97 [7724:792:0804/103101.973:ERROR:socket_stream.cc(219)] Closing stream with result -2
8월 04, 2020 10:31:01.98 [7724:792:0804/103101.988:ERROR:connection_factory_impl.cc(420)] Failed to connect to MCS endpoint with error -105
8월 04, 2020 10:31:07.59 [7724:792:0804/103107.598:ERROR:connection_factory_impl.cc(420)] Failed to connect to MCS endpoint with error -106
8월 04, 2020 11:22:40.11 [7740:15984:0804/112240.114:ERROR:device_event_log_impl.cc(208)] [11:22:40.114] Bluetooth: bluetooth_adapter_winrt.cc:1074 Getting Default Adapter failed.
8월 04, 2020 11:54:28.90 [1812:8296:0804/115428.902:ERROR:device_event_log_impl.cc(208)] [11:54:28.901] Bluetooth: bluetooth_adapter_winrt.cc:1074 Getting Default Adapter failed.
8월 04, 2020 11:54:55.33 [9916:16392:0804/115455.332:ERROR:device_event_log_impl.cc(208)] [11:54:55.333] Bluetooth: bluetooth_adapter_winrt.cc:1074 Getting Default Adapter failed.
8월 04, 2020 12:19:03.51 [3208:16960:0804/121903.513:ERROR:device_event_log_impl.cc(208)] [12:19:03.513] Bluetooth: bluetooth_adapter_winrt.cc:1074 Getting Default Adapter failed.

8월 05, 2020 09:37:52.46 NEW SESSION
8월 05, 2020 09:37:52.46 [13988:16244:0805/093752.454:ERROR:device_event_log_impl.cc(208)] [09:37:52.454] Bluetooth: bluetooth_adapter_winrt.cc:1074 Getting Default Adapter failed.
8월 05, 2020 10:09:26.86 [17412:5508:0805/100926.865:ERROR:device_event_log_impl.cc(208)] [10:09:26.865] Bluetooth: bluetooth_adapter_winrt.cc:1074 Getting Default Adapter failed.
8월 05, 2020 10:48:09.48 [14292:17316:0805/104809.483:ERROR:device_event_log_impl.cc(208)] [10:48:09.483] Bluetooth: bluetooth_adapter_winrt.cc:1074 Getting Default Adapter failed.
8월 05, 2020 12:56:05.13 [7892:15168:0805/125605.131:ERROR:device_event_log_impl.cc(208)] [12:56:05.132] Bluetooth: bluetooth_adapter_winrt.cc:1074 Getting Default Adapter failed.
8월 05, 2020 12:59:59.28 [7892:15168:0805/125959.287:ERROR:CONSOLE(107)] "elements are not in the same shadow dom", source: devtools://devtools/bundled/ui/ui.js (107)
8월 05, 2020 12:59:59.29 [7892:15168:0805/125959.287:ERROR:CONSOLE(107)] "elements are not in the same shadow dom", source: devtools://devtools/bundled/ui/ui.js (107)

8월 06, 2020 10:39:00.92 NEW SESSION
8월 06, 2020 10:39:00.92 [16380:10300:0806/103900.925:ERROR:device_event_log_impl.cc(208)] [10:39:00.924] Bluetooth: bluetooth_adapter_winrt.cc:1074 Getting Default Adapter failed.
8월 06, 2020 10:53:34.04 [9688:17364:0806/105334.041:ERROR:device_event_log_impl.cc(208)] [10:53:34.040] Bluetooth: bluetooth_adapter_winrt.cc:1074 Getting Default Adapter failed.
8월 06, 2020 10:53:57.39 [12068:16824:0806/105357.398:ERROR:device_event_log_impl.cc(208)] [10:53:57.399] Bluetooth: bluetooth_adapter_winrt.cc:1074 Getting Default Adapter failed.
8월 06, 2020 11:02:03.50 [5960:8892:0806/110203.502:ERROR:device_event_log_impl.cc(208)] [11:02:03.502] Bluetooth: bluetooth_adapter_winrt.cc:1074 Getting Default Adapter failed.
8월 06, 2020 11:57:31.60 [12316:8832:0806/115731.601:ERROR:device_event_log_impl.cc(208)] [11:57:31.601] Bluetooth: bluetooth_adapter_winrt.cc:1074 Getting Default Adapter failed.

8월 10, 2020 09:34:54.05 NEW SESSION
8월 10, 2020 09:34:54.05 [20464:19764:0810/093454.047:ERROR:device_event_log_impl.cc(208)] [09:34:54.047] Bluetooth: bluetooth_adapter_winrt.cc:1074 Getting Default Adapter failed.
8월 10, 2020 10:06:33.91 [7924:16692:0810/100633.910:ERROR:device_event_log_impl.cc(208)] [10:06:33.910] Bluetooth: bluetooth_adapter_winrt.cc:1074 Getting Default Adapter failed.
8월 10, 2020 10:08:30.03 [19076:18572:0810/100830.032:ERROR:device_event_log_impl.cc(208)] [10:08:30.031] Bluetooth: bluetooth_adapter_winrt.cc:1074 Getting Default Adapter failed.
8월 10, 2020 10:17:12.07 [18348:1208:0810/101712.071:ERROR:device_event_log_impl.cc(208)] [10:17:12.070] Bluetooth: bluetooth_adapter_winrt.cc:1074 Getting Default Adapter failed.
8월 10, 2020 12:18:13.31 [0810/121813.315:ERROR:process_memory_win.cc(73)] ReadMemory at 0x7ff7adfb0000 of 64 bytes failed: ReadProcessMemory 또는 WriteProcessMemory의 일부 작업만을 마쳤습니다. (0x12B)
8월 10, 2020 12:18:13.32 [0810/121813.316:ERROR:process_memory_win.cc(73)] ReadMemory at 0x2b362c4e880 of 72 bytes failed: ReadProcessMemory 또는 WriteProcessMemory의 일부 작업만을 마쳤습니다. (0x12B)
8월 10, 2020 12:18:13.33 [0810/121813.316:ERROR:process_memory_win.cc(73)] ReadMemory at 0x7ffed3730000 of 64 bytes failed: ReadProcessMemory 또는 WriteProcessMemory의 일부 작업만을 마쳤습니다. (0x12B)
8월 10, 2020 12:18:13.33 [0810/121813.317:ERROR:process_memory_win.cc(73)] ReadMemory at 0x7ff7adfb0000 of 64 bytes failed: ReadProcessMemory 또는 WriteProcessMemory의 일부 작업만을 마쳤습니다. (0x12B)
8월 10, 2020 12:18:13.34 [0810/121813.317:ERROR:process_memory_win.cc(73)] ReadMemory at 0x2b362c4e880 of 72 bytes failed: ReadProcessMemory 또는 WriteProcessMemory의 일부 작업만을 마쳤습니다. (0x12B)
8월 10, 2020 12:18:13.35 [0810/121813.317:ERROR:process_memory_win.cc(73)] ReadMemory at 0x7ffed3730000 of 64 bytes failed: ReadProcessMemory 또는 WriteProcessMemory의 일부 작업만을 마쳤습니다. (0x12B)
8월 10, 2020 12:18:13.36 [0810/121813.318:ERROR:process_memory_win.cc(73)] ReadMemory at 0x7fff27bf0000 of 64 bytes failed: ReadProcessMemory 또는 WriteProcessMemory의 일부 작업만을 마쳤습니다. (0x12B)
8월 10, 2020 12:18:13.36 [0810/121813.318:ERROR:process_memory_win.cc(73)] ReadMemory at 0x7fff0fc00000 of 64 bytes failed: ReadProcessMemory 또는 WriteProcessMemory의 일부 작업만을 마쳤습니다. (0x12B)
8월 10, 2020 12:18:13.37 [0810/121813.318:ERROR:process_memory_win.cc(73)] ReadMemory at 0x7fff19a40000 of 64 bytes failed: ReadProcessMemory 또는 WriteProcessMemory의 일부 작업만을 마쳤습니다. (0x12B)
8월 10, 2020 12:18:13.38 [0810/121813.318:ERROR:process_memory_win.cc(73)] ReadMemory at 0x7fff28530000 of 64 bytes failed: ReadProcessMemory 또는 WriteProcessMemory의 일부 작업만을 마쳤습니다. (0x12B)
8월 10, 2020 12:18:13.38 [0810/121813.318:ERROR:process_memory_win.cc(73)] ReadMemory at 0x7fff29370000 of 64 bytes failed: ReadProcessMemory 또는 WriteProcessMemory의 일부 작업만을 마쳤습니다. (0x12B)
8월 10, 2020 12:18:13.39 [0810/121813.318:ERROR:process_memory_win.cc(73)] ReadMemory at 0x7fff2f2b0000 of 64 bytes failed: ReadProcessMemory 또는 WriteProcessMemory의 일부 작업만을 마쳤습니다. (0x12B)
8월 10, 2020 12:18:13.40 [0810/121813.318:ERROR:process_memory_win.cc(73)] ReadMemory at 0x7fff30c60000 of 64 bytes failed: ReadProcessMemory 또는 WriteProcessMemory의 일부 작업만을 마쳤습니다. (0x12B)
8월 10, 2020 12:18:13.40 [0810/121813.318:ERROR:process_memory_win.cc(73)] ReadMemory at 0x7fff32ea0000 of 64 bytes failed: ReadProcessMemory 또는 WriteProcessMemory의 일부 작업만을 마쳤습니다. (0x12B)
8월 10, 2020 12:18:13.41 [0810/121813.318:ERROR:process_memory_win.cc(73)] ReadMemory at 0x7fff361e0000 of 64 bytes failed: ReadProcessMemory 또는 WriteProcessMemory의 일부 작업만을 마쳤습니다. (0x12B)
8월 10, 2020 12:18:13.42 [0810/121813.318:ERROR:process_memory_win.cc(73)] ReadMemory at 0x7fff32b00000 of 64 bytes failed: ReadProcessMemory 또는 WriteProcessMemory의 일부 작업만을 마쳤습니다. (0x12B)
8월 10, 2020 12:18:13.43 [0810/121813.319:ERROR:process_memory_win.cc(73)] ReadMemory at 0x7fff36000000 of 64 bytes failed: ReadProcessMemory 또는 WriteProcessMemory의 일부 작업만을 마쳤습니다. (0x12B)
8월 10, 2020 12:18:13.43 [0810/121813.319:ERROR:process_memory_win.cc(73)] ReadMemory at 0x7fff35af0000 of 64 bytes failed: ReadProcessMemory 또는 WriteProcessMemory의 일부 작업만을 마쳤습니다. (0x12B)
8월 10, 2020 12:18:13.44 [0810/121813.328:ERROR:process_memory_win.cc(73)] ReadMemory at 0xf7479f3000 of 53248 bytes failed: ReadProcessMemory 또는 WriteProcessMemory의 일부 작업만을 마쳤습니다. (0x12B)
8월 10, 2020 12:18:13.45 [0810/121813.328:ERROR:process_memory_win.cc(73)] ReadMemory at 0xf7481fd000 of 12288 bytes failed: ReadProcessMemory 또는 WriteProcessMemory의 일부 작업만을 마쳤습니다. (0x12B)
8월 10, 2020 12:18:13.46 [0810/121813.328:ERROR:process_memory_win.cc(73)] ReadMemory at 0xf7489fc000 of 16384 bytes failed: ReadProcessMemory 또는 WriteProcessMemory의 일부 작업만을 마쳤습니다. (0x12B)
8월 10, 2020 12:18:13.47 [0810/121813.329:ERROR:process_memory_win.cc(73)] ReadMemory at 0xf7491fd000 of 12288 bytes failed: ReadProcessMemory 또는 WriteProcessMemory의 일부 작업만을 마쳤습니다. (0x12B)
8월 10, 2020 12:18:13.48 [0810/121813.329:ERROR:process_memory_win.cc(73)] ReadMemory at 0xf7499fc000 of 16384 bytes failed: ReadProcessMemory 또는 WriteProcessMemory의 일부 작업만을 마쳤습니다. (0x12B)
8월 10, 2020 12:18:13.49 [0810/121813.329:ERROR:process_memory_win.cc(73)] ReadMemory at 0xf74a1fe000 of 8192 bytes failed: ReadProcessMemory 또는 WriteProcessMemory의 일부 작업만을 마쳤습니다. (0x12B)
8월 10, 2020 12:18:13.50 [0810/121813.329:ERROR:process_memory_win.cc(73)] ReadMemory at 0xf74a9fd000 of 12288 bytes failed: ReadProcessMemory 또는 WriteProcessMemory의 일부 작업만을 마쳤습니다. (0x12B)
8월 10, 2020 12:18:13.51 [0810/121813.329:ERROR:process_memory_win.cc(73)] ReadMemory at 0xf74b1fb000 of 20480 bytes failed: ReadProcessMemory 또는 WriteProcessMemory의 일부 작업만을 마쳤습니다. (0x12B)
8월 10, 2020 12:18:13.52 [0810/121813.329:ERROR:process_memory_win.cc(73)] ReadMemory at 0xf74b9fd000 of 12288 bytes failed: ReadProcessMemory 또는 WriteProcessMemory의 일부 작업만을 마쳤습니다. (0x12B)
8월 10, 2020 12:18:13.52 [0810/121813.329:ERROR:process_memory_win.cc(73)] ReadMemory at 0xf74c1fd000 of 12288 bytes failed: ReadProcessMemory 또는 WriteProcessMemory의 일부 작업만을 마쳤습니다. (0x12B)
8월 10, 2020 12:18:13.53 [0810/121813.329:ERROR:process_memory_win.cc(73)] ReadMemory at 0xf74c9fd000 of 12288 bytes failed: ReadProcessMemory 또는 WriteProcessMemory의 일부 작업만을 마쳤습니다. (0x12B)
8월 10, 2020 12:18:13.53 [0810/121813.329:ERROR:process_memory_win.cc(73)] ReadMemory at 0xf74d1fd000 of 12288 bytes failed: ReadProcessMemory 또는 WriteProcessMemory의 일부 작업만을 마쳤습니다. (0x12B)
8월 10, 2020 12:18:13.54 [0810/121813.329:ERROR:process_memory_win.cc(73)] ReadMemory at 0xf74d9fd000 of 12288 bytes failed: ReadProcessMemory 또는 WriteProcessMemory의 일부 작업만을 마쳤습니다. (0x12B)
8월 10, 2020 12:18:13.54 [0810/121813.329:ERROR:process_memory_win.cc(73)] ReadMemory at 0xf74e1fd000 of 12288 bytes failed: ReadProcessMemory 또는 WriteProcessMemory의 일부 작업만을 마쳤습니다. (0x12B)
8월 10, 2020 12:18:13.55 [0810/121813.329:ERROR:process_memory_win.cc(73)] ReadMemory at 0xf74e9fd000 of 12288 bytes failed: ReadProcessMemory 또는 WriteProcessMemory의 일부 작업만을 마쳤습니다. (0x12B)
8월 10, 2020 12:18:13.55 [0810/121813.330:ERROR:process_memory_win.cc(73)] ReadMemory at 0xf74f1fd000 of 12288 bytes failed: ReadProcessMemory 또는 WriteProcessMemory의 일부 작업만을 마쳤습니다. (0x12B)
8월 10, 2020 12:18:13.56 [0810/121813.330:ERROR:process_memory_win.cc(73)] ReadMemory at 0xf747102000 of 852 bytes failed: ReadProcessMemory 또는 WriteProcessMemory의 일부 작업만을 마쳤습니다. (0x12B)
8월 10, 2020 12:18:13.57 [0810/121813.330:ERROR:process_memory_win.cc(73)] ReadMemory at 0xf747103000 of 6024 bytes failed: ReadProcessMemory 또는 WriteProcessMemory의 일부 작업만을 마쳤습니다. (0x12B)
8월 10, 2020 12:18:13.57 [0810/121813.330:ERROR:process_memory_win.cc(73)] ReadMemory at 0xf747105000 of 6024 bytes failed: ReadProcessMemory 또는 WriteProcessMemory의 일부 작업만을 마쳤습니다. (0x12B)
8월 10, 2020 12:18:13.58 [0810/121813.330:ERROR:process_memory_win.cc(73)] ReadMemory at 0xf747107000 of 6024 bytes failed: ReadProcessMemory 또는 WriteProcessMemory의 일부 작업만을 마쳤습니다. (0x12B)
8월 10, 2020 12:18:13.59 [0810/121813.330:ERROR:process_memory_win.cc(73)] ReadMemory at 0xf747109000 of 6024 bytes failed: ReadProcessMemory 또는 WriteProcessMemory의 일부 작업만을 마쳤습니다. (0x12B)
8월 10, 2020 12:18:13.59 [0810/121813.330:ERROR:process_memory_win.cc(73)] ReadMemory at 0xf74710b000 of 6024 bytes failed: ReadProcessMemory 또는 WriteProcessMemory의 일부 작업만을 마쳤습니다. (0x12B)
8월 10, 2020 12:18:13.60 [0810/121813.330:ERROR:process_memory_win.cc(73)] ReadMemory at 0xf74710d000 of 6024 bytes failed: ReadProcessMemory 또는 WriteProcessMemory의 일부 작업만을 마쳤습니다. (0x12B)
8월 10, 2020 12:18:13.60 [0810/121813.330:ERROR:process_memory_win.cc(73)] ReadMemory at 0xf74710f000 of 6024 bytes failed: ReadProcessMemory 또는 WriteProcessMemory의 일부 작업만을 마쳤습니다. (0x12B)
8월 10, 2020 12:18:13.61 [0810/121813.448:ERROR:process_memory_win.cc(73)] ReadMemory at 0xf747111000 of 6024 bytes failed: ReadProcessMemory 또는 WriteProcessMemory의 일부 작업만을 마쳤습니다. (0x12B)
8월 10, 2020 12:18:13.62 [0810/121813.449:ERROR:process_memory_win.cc(73)] ReadMemory at 0xf747113000 of 6024 bytes failed: ReadProcessMemory 또는 WriteProcessMemory의 일부 작업만을 마쳤습니다. (0x12B)
8월 10, 2020 12:18:13.62 [0810/121813.449:ERROR:process_memory_win.cc(73)] ReadMemory at 0xf747115000 of 6024 bytes failed: ReadProcessMemory 또는 WriteProcessMemory의 일부 작업만을 마쳤습니다. (0x12B)
8월 10, 2020 12:18:13.63 [0810/121813.449:ERROR:process_memory_win.cc(73)] ReadMemory at 0xf747117000 of 6024 bytes failed: ReadProcessMemory 또는 WriteProcessMemory의 일부 작업만을 마쳤습니다. (0x12B)
8월 10, 2020 12:18:13.64 [0810/121813.449:ERROR:process_memory_win.cc(73)] ReadMemory at 0xf747119000 of 6024 bytes failed: ReadProcessMemory 또는 WriteProcessMemory의 일부 작업만을 마쳤습니다. (0x12B)
8월 10, 2020 12:18:13.64 [0810/121813.449:ERROR:process_memory_win.cc(73)] ReadMemory at 0xf74711b000 of 6024 bytes failed: ReadProcessMemory 또는 WriteProcessMemory의 일부 작업만을 마쳤습니다. (0x12B)
8월 10, 2020 12:18:13.65 [0810/121813.449:ERROR:process_memory_win.cc(73)] ReadMemory at 0xf74711d000 of 6024 bytes failed: ReadProcessMemory 또는 WriteProcessMemory의 일부 작업만을 마쳤습니다. (0x12B)
8월 10, 2020 12:18:13.65 [0810/121813.449:ERROR:process_memory_win.cc(73)] ReadMemory at 0xf74711f000 of 6024 bytes failed: ReadProcessMemory 또는 WriteProcessMemory의 일부 작업만을 마쳤습니다. (0x12B)
8월 10, 2020 12:18:13.66 [0810/121813.449:ERROR:process_memory_win.cc(73)] ReadMemory at 0xf747121000 of 6024 bytes failed: ReadProcessMemory 또는 WriteProcessMemory의 일부 작업만을 마쳤습니다. (0x12B)
8월 10, 2020 12:18:13.66 [0810/121813.449:ERROR:process_memory_win.cc(73)] ReadMemory at 0x2b362c40000 of 384 bytes failed: ReadProcessMemory 또는 WriteProcessMemory의 일부 작업만을 마쳤습니다. (0x12B)
8월 10, 2020 12:18:13.67 [0810/121813.449:ERROR:process_memory_win.cc(73)] ReadMemory at 0x2b362c40fe0 of 4926 bytes failed: ReadProcessMemory 또는 WriteProcessMemory의 일부 작업만을 마쳤습니다. (0x12B)
8월 10, 2020 12:18:13.68 [0810/121813.449:ERROR:process_memory_win.cc(73)] ReadMemory at 0x2b362c42330 of 1012 bytes failed: ReadProcessMemory 또는 WriteProcessMemory의 일부 작업만을 마쳤습니다. (0x12B)
8월 10, 2020 12:18:13.68 [0810/121813.450:ERROR:process_memory_win.cc(73)] ReadMemory at 0x2b362c42978 of 118 bytes failed: ReadProcessMemory 또는 WriteProcessMemory의 일부 작업만을 마쳤습니다. (0x12B)
8월 10, 2020 12:18:13.69 [0810/121813.450:ERROR:process_memory_win.cc(73)] ReadMemory at 0x2b362c429f0 of 746 bytes failed: ReadProcessMemory 또는 WriteProcessMemory의 일부 작업만을 마쳤습니다. (0x12B)
8월 10, 2020 12:18:13.69 [0810/121813.450:ERROR:process_memory_win.cc(73)] ReadMemory at 0x2b362c42cdc of 118 bytes failed: ReadProcessMemory 또는 WriteProcessMemory의 일부 작업만을 마쳤습니다. (0x12B)
8월 10, 2020 12:18:13.70 [0810/121813.450:ERROR:process_memory_win.cc(73)] ReadMemory at 0x2b362c42d54 of 102 bytes failed: ReadProcessMemory 또는 WriteProcessMemory의 일부 작업만을 마쳤습니다. (0x12B)
8월 10, 2020 12:18:13.70 [0810/121813.450:ERROR:process_memory_win.cc(73)] ReadMemory at 0x2b362c42dd0 of 58 bytes failed: ReadProcessMemory 또는 WriteProcessMemory의 일부 작업만을 마쳤습니다. (0x12B)
8월 10, 2020 12:18:13.71 [0810/121813.450:ERROR:process_memory_win.cc(73)] ReadMemory at 0x2b362c42ed0 of 132 bytes failed: ReadProcessMemory 또는 WriteProcessMemory의 일부 작업만을 마쳤습니다. (0x12B)
8월 10, 2020 12:18:13.71 [0810/121813.450:ERROR:process_memory_win.cc(73)] ReadMemory at 0x2b362c43060 of 132 bytes failed: ReadProcessMemory 또는 WriteProcessMemory의 일부 작업만을 마쳤습니다. (0x12B)
8월 10, 2020 12:18:13.72 [0810/121813.450:ERROR:process_memory_win.cc(73)] ReadMemory at 0x2b362c43220 of 126 bytes failed: ReadProcessMemory 또는 WriteProcessMemory의 일부 작업만을 마쳤습니다. (0x12B)
8월 10, 2020 12:18:13.72 [0810/121813.450:ERROR:process_memory_win.cc(73)] ReadMemory at 0x2b362c43600 of 132 bytes failed: ReadProcessMemory 또는 WriteProcessMemory의 일부 작업만을 마쳤습니다. (0x12B)
8월 10, 2020 12:18:13.73 [0810/121813.450:ERROR:process_memory_win.cc(73)] ReadMemory at 0x2b362c43790 of 64 bytes failed: ReadProcessMemory 또는 WriteProcessMemory의 일부 작업만을 마쳤습니다. (0x12B)
8월 10, 2020 12:18:13.73 [0810/121813.450:ERROR:process_memory_win.cc(73)] ReadMemory at 0x2b362c438c0 of 132 bytes failed: ReadProcessMemory 또는 WriteProcessMemory의 일부 작업만을 마쳤습니다. (0x12B)
8월 10, 2020 12:18:13.74 [0810/121813.450:ERROR:process_memory_win.cc(73)] ReadMemory at 0x2b362c43bf0 of 132 bytes failed: ReadProcessMemory 또는 WriteProcessMemory의 일부 작업만을 마쳤습니다. (0x12B)
8월 10, 2020 12:18:13.74 [0810/121813.614:ERROR:process_memory_win.cc(73)] ReadMemory at 0x2b362c43d80 of 68 bytes failed: ReadProcessMemory 또는 WriteProcessMemory의 일부 작업만을 마쳤습니다. (0x12B)
8월 10, 2020 12:18:13.75 [0810/121813.614:ERROR:process_memory_win.cc(73)] ReadMemory at 0x2b362c44e70 of 132 bytes failed: ReadProcessMemory 또는 WriteProcessMemory의 일부 작업만을 마쳤습니다. (0x12B)
8월 10, 2020 12:18:13.75 [0810/121813.614:ERROR:process_memory_win.cc(73)] ReadMemory at 0x2b362c44fd0 of 154 bytes failed: ReadProcessMemory 또는 WriteProcessMemory의 일부 작업만을 마쳤습니다. (0x12B)
8월 10, 2020 12:18:13.76 [0810/121813.615:ERROR:process_memory_win.cc(73)] ReadMemory at 0x2b362c45d40 of 60 bytes failed: ReadProcessMemory 또는 WriteProcessMemory의 일부 작업만을 마쳤습니다. (0x12B)
8월 10, 2020 12:18:13.76 [0810/121813.615:ERROR:process_memory_win.cc(73)] ReadMemory at 0x2b362c46ca0 of 62 bytes failed: ReadProcessMemory 또는 WriteProcessMemory의 일부 작업만을 마쳤습니다. (0x12B)
8월 10, 2020 12:18:13.76 [0810/121813.615:ERROR:process_memory_win.cc(73)] ReadMemory at 0x2b362c46e90 of 132 bytes failed: ReadProcessMemory 또는 WriteProcessMemory의 일부 작업만을 마쳤습니다. (0x12B)
8월 10, 2020 12:18:13.77 [0810/121813.615:ERROR:process_memory_win.cc(73)] ReadMemory at 0x2b362c4e3a0 of 54 bytes failed: ReadProcessMemory 또는 WriteProcessMemory의 일부 작업만을 마쳤습니다. (0x12B)
8월 10, 2020 12:18:13.77 [0810/121813.615:ERROR:process_memory_win.cc(73)] ReadMemory at 0x2b362c4e8d0 of 62 bytes failed: ReadProcessMemory 또는 WriteProcessMemory의 일부 작업만을 마쳤습니다. (0x12B)
8월 10, 2020 12:18:13.78 [0810/121813.615:ERROR:process_memory_win.cc(73)] ReadMemory at 0x2b362c4eba0 of 64 bytes failed: ReadProcessMemory 또는 WriteProcessMemory의 일부 작업만을 마쳤습니다. (0x12B)
8월 10, 2020 12:18:13.78 [0810/121813.615:ERROR:process_memory_win.cc(73)] ReadMemory at 0x2b362c4eec0 of 60 bytes failed: ReadProcessMemory 또는 WriteProcessMemory의 일부 작업만을 마쳤습니다. (0x12B)
8월 10, 2020 12:18:13.79 [0810/121813.615:ERROR:process_memory_win.cc(73)] ReadMemory at 0x2b362c519d0 of 80 bytes failed: ReadProcessMemory 또는 WriteProcessMemory의 일부 작업만을 마쳤습니다. (0x12B)
8월 10, 2020 12:18:13.79 [0810/121813.615:ERROR:process_memory_win.cc(73)] ReadMemory at 0x2b362c51eb0 of 80 bytes failed: ReadProcessMemory 또는 WriteProcessMemory의 일부 작업만을 마쳤습니다. (0x12B)
8월 10, 2020 12:18:13.80 [0810/121813.615:ERROR:process_memory_win.cc(73)] ReadMemory at 0x2b362c51f70 of 76 bytes failed: ReadProcessMemory 또는 WriteProcessMemory의 일부 작업만을 마쳤습니다. (0x12B)
8월 10, 2020 12:18:13.81 [0810/121813.615:ERROR:process_memory_win.cc(73)] ReadMemory at 0x2b362c535b0 of 132 bytes failed: ReadProcessMemory 또는 WriteProcessMemory의 일부 작업만을 마쳤습니다. (0x12B)
8월 10, 2020 12:18:13.81 [0810/121813.615:ERROR:process_memory_win.cc(73)] ReadMemory at 0x2b362c536e0 of 132 bytes failed: ReadProcessMemory 또는 WriteProcessMemory의 일부 작업만을 마쳤습니다. (0x12B)
8월 10, 2020 12:18:13.82 [0810/121813.615:ERROR:process_memory_win.cc(73)] ReadMemory at 0x2b362c54400 of 132 bytes failed: ReadProcessMemory 또는 WriteProcessMemory의 일부 작업만을 마쳤습니다. (0x12B)
8월 10, 2020 12:18:13.82 [0810/121813.615:ERROR:process_memory_win.cc(73)] ReadMemory at 0x2b362c54820 of 132 bytes failed: ReadProcessMemory 또는 WriteProcessMemory의 일부 작업만을 마쳤습니다. (0x12B)
8월 10, 2020 12:18:13.83 [0810/121813.615:ERROR:process_memory_win.cc(73)] ReadMemory at 0x2b362c55a50 of 132 bytes failed: ReadProcessMemory 또는 WriteProcessMemory의 일부 작업만을 마쳤습니다. (0x12B)
8월 10, 2020 12:18:13.83 [0810/121813.615:ERROR:process_memory_win.cc(73)] ReadMemory at 0x2b362c55c60 of 132 bytes failed: ReadProcessMemory 또는 WriteProcessMemory의 일부 작업만을 마쳤습니다. (0x12B)
8월 10, 2020 12:18:13.84 [0810/121813.615:ERROR:process_memory_win.cc(73)] ReadMemory at 0x2b362c55f90 of 132 bytes failed: ReadProcessMemory 또는 WriteProcessMemory의 일부 작업만을 마쳤습니다. (0x12B)
8월 10, 2020 12:18:13.84 [0810/121813.615:ERROR:process_memory_win.cc(73)] ReadMemory at 0x2b362c560c0 of 132 bytes failed: ReadProcessMemory 또는 WriteProcessMemory의 일부 작업만을 마쳤습니다. (0x12B)
8월 10, 2020 12:18:13.85 [0810/121813.615:ERROR:process_memory_win.cc(73)] ReadMemory at 0x2b362c561f0 of 132 bytes failed: ReadProcessMemory 또는 WriteProcessMemory의 일부 작업만을 마쳤습니다. (0x12B)
8월 10, 2020 12:18:13.85 [0810/121813.616:ERROR:process_memory_win.cc(73)] ReadMemory at 0x2b362c56320 of 132 bytes failed: ReadProcessMemory 또는 WriteProcessMemory의 일부 작업만을 마쳤습니다. (0x12B)
8월 10, 2020 12:18:13.86 [0810/121813.616:ERROR:process_memory_win.cc(73)] ReadMemory at 0x2b362c56450 of 132 bytes failed: ReadProcessMemory 또는 WriteProcessMemory의 일부 작업만을 마쳤습니다. (0x12B)
8월 10, 2020 12:18:13.86 [0810/121813.746:ERROR:process_memory_win.cc(73)] ReadMemory at 0x2b362c56580 of 132 bytes failed: ReadProcessMemory 또는 WriteProcessMemory의 일부 작업만을 마쳤습니다. (0x12B)
8월 10, 2020 12:18:13.86 [0810/121813.746:ERROR:process_memory_win.cc(73)] ReadMemory at 0x2b362c566b0 of 132 bytes failed: ReadProcessMemory 또는 WriteProcessMemory의 일부 작업만을 마쳤습니다. (0x12B)
8월 10, 2020 12:18:13.87 [0810/121813.746:ERROR:process_memory_win.cc(73)] ReadMemory at 0x2b362c567e0 of 132 bytes failed: ReadProcessMemory 또는 WriteProcessMemory의 일부 작업만을 마쳤습니다. (0x12B)
8월 10, 2020 12:18:13.88 [0810/121813.746:ERROR:process_memory_win.cc(73)] ReadMemory at 0x2b362c56910 of 132 bytes failed: ReadProcessMemory 또는 WriteProcessMemory의 일부 작업만을 마쳤습니다. (0x12B)
8월 10, 2020 12:18:13.88 [0810/121813.746:ERROR:process_memory_win.cc(73)] ReadMemory at 0x2b362c56a40 of 132 bytes failed: ReadProcessMemory 또는 WriteProcessMemory의 일부 작업만을 마쳤습니다. (0x12B)
8월 10, 2020 12:18:13.89 [0810/121813.746:ERROR:process_memory_win.cc(73)] ReadMemory at 0x2b362c56b70 of 132 bytes failed: ReadProcessMemory 또는 WriteProcessMemory의 일부 작업만을 마쳤습니다. (0x12B)
8월 10, 2020 12:18:13.89 [0810/121813.746:ERROR:process_memory_win.cc(73)] ReadMemory at 0x2b362c56ca0 of 132 bytes failed: ReadProcessMemory 또는 WriteProcessMemory의 일부 작업만을 마쳤습니다. (0x12B)
8월 10, 2020 12:18:13.89 [0810/121813.746:ERROR:process_memory_win.cc(73)] ReadMemory at 0x2b362c583c0 of 132 bytes failed: ReadProcessMemory 또는 WriteProcessMemory의 일부 작업만을 마쳤습니다. (0x12B)
8월 10, 2020 12:18:13.90 [0810/121813.746:ERROR:process_memory_win.cc(73)] ReadMemory at 0x2b362c5a480 of 132 bytes failed: ReadProcessMemory 또는 WriteProcessMemory의 일부 작업만을 마쳤습니다. (0x12B)
8월 10, 2020 12:18:13.90 [0810/121813.746:ERROR:process_memory_win.cc(73)] ReadMemory at 0x2b362c5a6a0 of 132 bytes failed: ReadProcessMemory 또는 WriteProcessMemory의 일부 작업만을 마쳤습니다. (0x12B)
8월 10, 2020 12:18:13.91 [0810/121813.746:ERROR:process_memory_win.cc(73)] ReadMemory at 0x2b362c5a8c0 of 132 bytes failed: ReadProcessMemory 또는 WriteProcessMemory의 일부 작업만을 마쳤습니다. (0x12B)
8월 10, 2020 12:18:13.91 [0810/121813.746:ERROR:process_memory_win.cc(73)] ReadMemory at 0x2b362c5cbb0 of 58 bytes failed: ReadProcessMemory 또는 WriteProcessMemory의 일부 작업만을 마쳤습니다. (0x12B)
8월 10, 2020 12:18:13.92 [0810/121813.746:ERROR:process_memory_win.cc(73)] ReadMemory at 0x2b362c5cc00 of 64 bytes failed: ReadProcessMemory 또는 WriteProcessMemory의 일부 작업만을 마쳤습니다. (0x12B)
8월 10, 2020 12:18:13.93 [0810/121813.746:ERROR:process_memory_win.cc(73)] ReadMemory at 0x2b362c5cc50 of 62 bytes failed: ReadProcessMemory 또는 WriteProcessMemory의 일부 작업만을 마쳤습니다. (0x12B)
8월 10, 2020 12:18:13.93 [0810/121813.746:ERROR:process_memory_win.cc(73)] ReadMemory at 0x2b362c5cca0 of 64 bytes failed: ReadProcessMemory 또는 WriteProcessMemory의 일부 작업만을 마쳤습니다. (0x12B)
8월 10, 2020 12:18:13.94 [0810/121813.746:ERROR:process_memory_win.cc(73)] ReadMemory at 0x2b362c5cd90 of 60 bytes failed: ReadProcessMemory 또는 WriteProcessMemory의 일부 작업만을 마쳤습니다. (0x12B)
8월 10, 2020 12:18:13.94 [0810/121813.746:ERROR:process_memory_win.cc(73)] ReadMemory at 0x2b362c5ce80 of 64 bytes failed: ReadProcessMemory 또는 WriteProcessMemory의 일부 작업만을 마쳤습니다. (0x12B)
8월 10, 2020 12:18:13.95 [0810/121813.746:ERROR:process_memory_win.cc(73)] ReadMemory at 0x2b362c5ced0 of 66 bytes failed: ReadProcessMemory 또는 WriteProcessMemory의 일부 작업만을 마쳤습니다. (0x12B)
8월 10, 2020 12:18:13.95 [0810/121813.746:ERROR:process_memory_win.cc(73)] ReadMemory at 0x2b362c5cf70 of 62 bytes failed: ReadProcessMemory 또는 WriteProcessMemory의 일부 작업만을 마쳤습니다. (0x12B)
8월 10, 2020 12:18:13.96 [0810/121813.747:ERROR:process_memory_win.cc(73)] ReadMemory at 0x2b362c5cfc0 of 64 bytes failed: ReadProcessMemory 또는 WriteProcessMemory의 일부 작업만을 마쳤습니다. (0x12B)
8월 10, 2020 12:18:13.96 [0810/121813.747:ERROR:process_memory_win.cc(73)] ReadMemory at 0x2b362c5d010 of 62 bytes failed: ReadProcessMemory 또는 WriteProcessMemory의 일부 작업만을 마쳤습니다. (0x12B)
8월 10, 2020 12:18:13.97 [0810/121813.747:ERROR:process_memory_win.cc(73)] ReadMemory at 0x2b362c5d060 of 62 bytes failed: ReadProcessMemory 또는 WriteProcessMemory의 일부 작업만을 마쳤습니다. (0x12B)
8월 10, 2020 12:18:13.97 [0810/121813.747:ERROR:process_memory_win.cc(73)] ReadMemory at 0x2b362c5d0b0 of 64 bytes failed: ReadProcessMemory 또는 WriteProcessMemory의 일부 작업만을 마쳤습니다. (0x12B)
8월 10, 2020 12:18:13.98 [0810/121813.747:ERROR:process_memory_win.cc(73)] ReadMemory at 0x2b362c5d150 of 62 bytes failed: ReadProcessMemory 또는 WriteProcessMemory의 일부 작업만을 마쳤습니다. (0x12B)
8월 10, 2020 12:18:13.99 [0810/121813.865:ERROR:process_memory_win.cc(73)] ReadMemory at 0x2b362c5d1a0 of 66 bytes failed: ReadProcessMemory 또는 WriteProcessMemory의 일부 작업만을 마쳤습니다. (0x12B)
8월 10, 2020 12:18:13.99 [0810/121813.865:ERROR:process_memory_win.cc(73)] ReadMemory at 0x2b362c5d1f0 of 60 bytes failed: ReadProcessMemory 또는 WriteProcessMemory의 일부 작업만을 마쳤습니다. (0x12B)
8월 10, 2020 12:18:14.00 [0810/121813.865:ERROR:process_memory_win.cc(73)] ReadMemory at 0x2b362c5d290 of 64 bytes failed: ReadProcessMemory 또는 WriteProcessMemory의 일부 작업만을 마쳤습니다. (0x12B)
8월 10, 2020 12:18:14.00 [0810/121813.865:ERROR:process_memory_win.cc(73)] ReadMemory at 0x2b362c5d3d0 of 62 bytes failed: ReadProcessMemory 또는 WriteProcessMemory의 일부 작업만을 마쳤습니다. (0x12B)
8월 10, 2020 12:18:14.01 [0810/121813.865:ERROR:process_memory_win.cc(73)] ReadMemory at 0x2b362c5d650 of 64 bytes failed: ReadProcessMemory 또는 WriteProcessMemory의 일부 작업만을 마쳤습니다. (0x12B)
8월 10, 2020 12:18:14.01 [0810/121813.865:ERROR:process_memory_win.cc(73)] ReadMemory at 0x2b362c5d6a0 of 60 bytes failed: ReadProcessMemory 또는 WriteProcessMemory의 일부 작업만을 마쳤습니다. (0x12B)
8월 10, 2020 12:18:14.02 [0810/121813.865:ERROR:process_memory_win.cc(73)] ReadMemory at 0x2b362c5d6f0 of 62 bytes failed: ReadProcessMemory 또는 WriteProcessMemory의 일부 작업만을 마쳤습니다. (0x12B)
8월 10, 2020 12:18:14.02 [0810/121813.865:ERROR:process_memory_win.cc(73)] ReadMemory at 0x2b362c5d880 of 60 bytes failed: ReadProcessMemory 또는 WriteProcessMemory의 일부 작업만을 마쳤습니다. (0x12B)
8월 10, 2020 12:18:14.03 [0810/121813.865:ERROR:process_memory_win.cc(73)] ReadMemory at 0x2b362c5d970 of 60 bytes failed: ReadProcessMemory 또는 WriteProcessMemory의 일부 작업만을 마쳤습니다. (0x12B)
8월 10, 2020 12:18:14.03 [0810/121813.865:ERROR:process_memory_win.cc(73)] ReadMemory at 0x2b362c5da10 of 62 bytes failed: ReadProcessMemory 또는 WriteProcessMemory의 일부 작업만을 마쳤습니다. (0x12B)
8월 10, 2020 12:18:14.04 [0810/121813.865:ERROR:process_memory_win.cc(73)] ReadMemory at 0x2b362c5da60 of 62 bytes failed: ReadProcessMemory 또는 WriteProcessMemory의 일부 작업만을 마쳤습니다. (0x12B)
8월 10, 2020 12:18:14.05 [0810/121813.865:ERROR:process_memory_win.cc(73)] ReadMemory at 0x2b362c5ff10 of 146 bytes failed: ReadProcessMemory 또는 WriteProcessMemory의 일부 작업만을 마쳤습니다. (0x12B)
8월 10, 2020 12:18:14.05 [0810/121813.865:ERROR:process_memory_win.cc(73)] ReadMemory at 0x2b362c60300 of 132 bytes failed: ReadProcessMemory 또는 WriteProcessMemory의 일부 작업만을 마쳤습니다. (0x12B)
8월 10, 2020 12:18:14.06 [0810/121813.865:ERROR:process_memory_win.cc(73)] ReadMemory at 0x2b362c60430 of 132 bytes failed: ReadProcessMemory 또는 WriteProcessMemory의 일부 작업만을 마쳤습니다. (0x12B)
8월 10, 2020 12:18:14.06 [0810/121813.865:ERROR:process_memory_win.cc(73)] ReadMemory at 0x2b362c608f0 of 132 bytes failed: ReadProcessMemory 또는 WriteProcessMemory의 일부 작업만을 마쳤습니다. (0x12B)
8월 10, 2020 12:18:14.07 [0810/121813.865:ERROR:process_memory_win.cc(73)] ReadMemory at 0x2b362c60ee0 of 132 bytes failed: ReadProcessMemory 또는 WriteProcessMemory의 일부 작업만을 마쳤습니다. (0x12B)
8월 10, 2020 12:18:14.07 [0810/121813.865:ERROR:process_memory_win.cc(73)] ReadMemory at 0x2b362c61010 of 132 bytes failed: ReadProcessMemory 또는 WriteProcessMemory의 일부 작업만을 마쳤습니다. (0x12B)
8월 10, 2020 12:18:14.08 [0810/121813.865:ERROR:process_memory_win.cc(73)] ReadMemory at 0x2b362c61140 of 132 bytes failed: ReadProcessMemory 또는 WriteProcessMemory의 일부 작업만을 마쳤습니다. (0x12B)
8월 10, 2020 12:18:14.08 [0810/121813.865:ERROR:process_memory_win.cc(73)] ReadMemory at 0x2b362c614d0 of 132 bytes failed: ReadProcessMemory 또는 WriteProcessMemory의 일부 작업만을 마쳤습니다. (0x12B)
8월 10, 2020 12:18:14.09 [0810/121813.865:ERROR:process_memory_win.cc(73)] ReadMemory at 0x2b362c61860 of 132 bytes failed: ReadProcessMemory 또는 WriteProcessMemory의 일부 작업만을 마쳤습니다. (0x12B)
8월 10, 2020 12:18:14.09 [0810/121813.866:ERROR:process_memory_win.cc(73)] ReadMemory at 0x2b362c61ac0 of 132 bytes failed: ReadProcessMemory 또는 WriteProcessMemory의 일부 작업만을 마쳤습니다. (0x12B)
8월 10, 2020 12:18:14.10 [0810/121813.866:ERROR:process_memory_win.cc(73)] ReadMemory at 0x2b362c61bf0 of 132 bytes failed: ReadProcessMemory 또는 WriteProcessMemory의 일부 작업만을 마쳤습니다. (0x12B)
8월 10, 2020 12:18:14.10 [0810/121813.866:ERROR:process_memory_win.cc(73)] ReadMemory at 0x2b362cb4d50 of 512 bytes failed: ReadProcessMemory 또는 WriteProcessMemory의 일부 작업만을 마쳤습니다. (0x12B)
8월 10, 2020 12:18:14.11 [0810/121813.866:ERROR:process_memory_win.cc(73)] ReadMemory at 0x2b362cbed40 of 512 bytes failed: ReadProcessMemory 또는 WriteProcessMemory의 일부 작업만을 마쳤습니다. (0x12B)
8월 10, 2020 12:18:14.11 [0810/121813.993:ERROR:process_memory_win.cc(73)] ReadMemory at 0x2b362cc4990 of 512 bytes failed: ReadProcessMemory 또는 WriteProcessMemory의 일부 작업만을 마쳤습니다. (0x12B)
8월 10, 2020 12:18:14.12 [0810/121813.994:ERROR:process_memory_win.cc(73)] ReadMemory at 0x2b362cd4c70 of 512 bytes failed: ReadProcessMemory 또는 WriteProcessMemory의 일부 작업만을 마쳤습니다. (0x12B)
8월 10, 2020 12:18:14.12 [0810/121813.994:ERROR:process_memory_win.cc(73)] ReadMemory at 0x2b362cd73e0 of 512 bytes failed: ReadProcessMemory 또는 WriteProcessMemory의 일부 작업만을 마쳤습니다. (0x12B)
8월 10, 2020 12:18:14.13 [0810/121813.994:ERROR:process_memory_win.cc(73)] ReadMemory at 0x2b362ce3030 of 712 bytes failed: ReadProcessMemory 또는 WriteProcessMemory의 일부 작업만을 마쳤습니다. (0x12B)
8월 10, 2020 12:18:14.13 [0810/121813.994:ERROR:process_memory_win.cc(73)] ReadMemory at 0x2b362d02890 of 512 bytes failed: ReadProcessMemory 또는 WriteProcessMemory의 일부 작업만을 마쳤습니다. (0x12B)
8월 10, 2020 12:18:14.14 [0810/121813.994:ERROR:process_memory_win.cc(73)] ReadMemory at 0x2b362d25e40 of 512 bytes failed: ReadProcessMemory 또는 WriteProcessMemory의 일부 작업만을 마쳤습니다. (0x12B)
8월 10, 2020 12:18:14.14 [0810/121813.994:ERROR:process_memory_win.cc(73)] ReadMemory at 0x2b362d36000 of 512 bytes failed: ReadProcessMemory 또는 WriteProcessMemory의 일부 작업만을 마쳤습니다. (0x12B)
8월 10, 2020 12:18:14.15 [0810/121813.994:ERROR:process_memory_win.cc(73)] ReadMemory at 0x2b362d39a40 of 512 bytes failed: ReadProcessMemory 또는 WriteProcessMemory의 일부 작업만을 마쳤습니다. (0x12B)
8월 10, 2020 12:18:14.15 [0810/121813.994:ERROR:process_memory_win.cc(73)] ReadMemory at 0x2b362d82380 of 512 bytes failed: ReadProcessMemory 또는 WriteProcessMemory의 일부 작업만을 마쳤습니다. (0x12B)
8월 10, 2020 12:18:14.16 [0810/121813.994:ERROR:process_memory_win.cc(73)] ReadMemory at 0x2b364550000 of 384 bytes failed: ReadProcessMemory 또는 WriteProcessMemory의 일부 작업만을 마쳤습니다. (0x12B)
8월 10, 2020 12:18:14.16 [0810/121813.994:ERROR:process_memory_win.cc(73)] ReadMemory at 0x2b36456e060 of 512 bytes failed: ReadProcessMemory 또는 WriteProcessMemory의 일부 작업만을 마쳤습니다. (0x12B)
8월 10, 2020 12:18:14.17 [0810/121813.994:ERROR:process_memory_win.cc(73)] ReadMemory at 0x2b36484ff80 of 512 bytes failed: ReadProcessMemory 또는 WriteProcessMemory의 일부 작업만을 마쳤습니다. (0x12B)
8월 10, 2020 12:18:14.18 [0810/121813.994:ERROR:process_memory_win.cc(73)] ReadMemory at 0x2b364986c40 of 512 bytes failed: ReadProcessMemory 또는 WriteProcessMemory의 일부 작업만을 마쳤습니다. (0x12B)
8월 10, 2020 12:18:14.18 [0810/121813.994:ERROR:process_memory_win.cc(73)] ReadMemory at 0x61a2bb489368 of 512 bytes failed: ReadProcessMemory 또는 WriteProcessMemory의 일부 작업만을 마쳤습니다. (0x12B)
8월 10, 2020 12:18:14.19 [0810/121813.994:ERROR:process_memory_win.cc(73)] ReadMemory at 0x7ffed5638dc0 of 512 bytes failed: ReadProcessMemory 또는 WriteProcessMemory의 일부 작업만을 마쳤습니다. (0x12B)
8월 10, 2020 12:18:14.19 [0810/121813.994:ERROR:process_memory_win.cc(73)] ReadMemory at 0x7ffed593bb8e of 512 bytes failed: ReadProcessMemory 또는 WriteProcessMemory의 일부 작업만을 마쳤습니다. (0x12B)
8월 10, 2020 12:18:14.20 [0810/121813.994:ERROR:process_memory_win.cc(73)] ReadMemory at 0x7ffed5f3979c of 512 bytes failed: ReadProcessMemory 또는 WriteProcessMemory의 일부 작업만을 마쳤습니다. (0x12B)
8월 10, 2020 12:18:14.20 [0810/121813.994:ERROR:process_memory_win.cc(73)] ReadMemory at 0x7ffed6ede6f1 of 512 bytes failed: ReadProcessMemory 또는 WriteProcessMemory의 일부 작업만을 마쳤습니다. (0x12B)
8월 10, 2020 12:18:14.21 [0810/121813.994:ERROR:process_memory_win.cc(73)] ReadMemory at 0x7ffedb218f78 of 512 bytes failed: ReadProcessMemory 또는 WriteProcessMemory의 일부 작업만을 마쳤습니다. (0x12B)
8월 10, 2020 12:18:14.21 [0810/121813.994:ERROR:process_memory_win.cc(73)] ReadMemory at 0x7ffedb525fb4 of 512 bytes failed: ReadProcessMemory 또는 WriteProcessMemory의 일부 작업만을 마쳤습니다. (0x12B)
8월 10, 2020 12:18:14.22 [0810/121813.995:ERROR:process_memory_win.cc(73)] ReadMemory at 0x7fff392fc074 of 672 bytes failed: ReadProcessMemory 또는 WriteProcessMemory의 일부 작업만을 마쳤습니다. (0x12B)
8월 10, 2020 12:18:14.23 [0810/121813.995:ERROR:process_memory_win.cc(73)] ReadMemory at 0x7fff392fc674 of 512 bytes failed: ReadProcessMemory 또는 WriteProcessMemory의 일부 작업만을 마쳤습니다. (0x12B)
8월 10, 2020 12:18:14.23 [0810/121813.995:ERROR:process_memory_win.cc(73)] ReadMemory at 0x7fff392ff924 of 608 bytes failed: ReadProcessMemory 또는 WriteProcessMemory의 일부 작업만을 마쳤습니다. (0x12B)
8월 10, 2020 12:18:14.24 [0810/121813.995:ERROR:process_memory_win.cc(73)] ReadMemory at 0x7fff3938c428 of 18 bytes failed: ReadProcessMemory 또는 WriteProcessMemory의 일부 작업만을 마쳤습니다. (0x12B)
8월 10, 2020 12:18:14.25 [0810/121814.116:ERROR:process_memory_win.cc(73)] ReadMemory at 0x7fff393bf4f8 of 40 bytes failed: ReadProcessMemory 또는 WriteProcessMemory의 일부 작업만을 마쳤습니다. (0x12B)
8월 10, 2020 12:18:14.25 [0810/121814.116:ERROR:process_memory_win.cc(73)] ReadMemory at 0x7fff393bf978 of 48 bytes failed: ReadProcessMemory 또는 WriteProcessMemory의 일부 작업만을 마쳤습니다. (0x12B)
8월 10, 2020 12:18:14.26 [0810/121814.116:ERROR:process_memory_win.cc(73)] ReadMemory at 0x7fff393c53c0 of 64 bytes failed: ReadProcessMemory 또는 WriteProcessMemory의 일부 작업만을 마쳤습니다. (0x12B)
8월 10, 2020 12:18:14.26 [0810/121814.118:ERROR:scoped_process_suspend.cc(40)] NtResumeProcess: 기존 프로세스에 액세스하려고 했습니다. (0xc000010a)
8월 10, 2020 13:16:33.28 [11548:2608:0810/131633.286:ERROR:device_event_log_impl.cc(208)] [13:16:33.287] Bluetooth: bluetooth_adapter_winrt.cc:1074 Getting Default Adapter failed.

8월 11, 2020 09:48:13.78 NEW SESSION
8월 11, 2020 09:48:13.78 [19576:14440:0811/094813.781:ERROR:device_event_log_impl.cc(208)] [09:48:13.781] Bluetooth: bluetooth_adapter_winrt.cc:1074 Getting Default Adapter failed.
8월 11, 2020 09:49:34.75 [8952:9376:0811/094934.754:ERROR:device_event_log_impl.cc(208)] [09:49:34.754] Bluetooth: bluetooth_adapter_winrt.cc:1074 Getting Default Adapter failed.
8월 11, 2020 11:16:05.60 [14844:8460:0811/111605.609:ERROR:device_event_log_impl.cc(208)] [11:16:05.609] Bluetooth: bluetooth_adapter_winrt.cc:1074 Getting Default Adapter failed.
8월 11, 2020 11:17:11.35 [7364:8364:0811/111711.350:ERROR:device_event_log_impl.cc(208)] [11:17:11.350] Bluetooth: bluetooth_adapter_winrt.cc:1074 Getting Default Adapter failed.
